<?xml version="1.0" encoding="UTF-8"?>
<testng-results skipped="1" failed="0" total="6" passed="5">
  <reporter-output>
    <line>
      <![CDATA[test started]]>
    </line>
    <line>
      <![CDATA[test startedtest1]]>
    </line>
    <line>
      <![CDATA[test Successtest1]]>
    </line>
    <line>
      <![CDATA[test startedtest2]]>
    </line>
    <line>
      <![CDATA[test skippedtest2]]>
    </line>
    <line>
      <![CDATA[test startedtest3]]>
    </line>
    <line>
      <![CDATA[test failedtest3]]>
    </line>
    <line>
      <![CDATA[test startedtest3]]>
    </line>
    <line>
      <![CDATA[test Successtest3]]>
    </line>
    <line>
      <![CDATA[test startedtest3]]>
    </line>
    <line>
      <![CDATA[test Successtest3]]>
    </line>
    <line>
      <![CDATA[test startedtest3]]>
    </line>
    <line>
      <![CDATA[test Successtest3]]>
    </line>
    <line>
      <![CDATA[test startedtest3]]>
    </line>
    <line>
      <![CDATA[test Successtest3]]>
    </line>
  </reporter-output>
  <suite name="Complete Suite" duration-ms="52" started-at="2019-07-21T07:37:00Z" finished-at="2019-07-21T07:37:00Z">
    <groups>
    </groups>
    <test name="First Set from 1 to 10 testcases" duration-ms="52" started-at="2019-07-21T07:37:00Z" finished-at="2019-07-21T07:37:00Z">
      <class name="testngListeners.ListnerTestClass">
        <test-method status="PASS" signature="test1()[pri:0, instance:testngListeners.ListnerTestClass@49e4cb85]" name="test1" duration-ms="15" started-at="2019-07-21T13:07:00Z" finished-at="2019-07-21T13:07:00Z">
          <reporter-output>
            <line>
              <![CDATA[test Successtest1]]>
            </line>
          </reporter-output>
        </test-method> <!-- test1 -->
        <test-method status="SKIP" signature="test2()[pri:0, instance:testngListeners.ListnerTestClass@49e4cb85]" name="test2" duration-ms="0" started-at="2019-07-21T13:07:00Z" finished-at="2019-07-21T13:07:00Z">
          <exception class="org.testng.SkipException">
            <message>
              <![CDATA[I am Skipping this test]]>
            </message>
            <full-stacktrace>
              <![CDATA[org.testng.SkipException: I am Skipping this test
	at testngListeners.ListnerTestClass.test2(ListnerTestClass.java:20)
	at sun.reflect.NativeMethodAccessorImpl.invoke0(Native Method)
	at sun.reflect.NativeMethodAccessorImpl.invoke(NativeMethodAccessorImpl.java:62)
	at sun.reflect.DelegatingMethodAccessorImpl.invoke(DelegatingMethodAccessorImpl.java:43)
	at java.lang.reflect.Method.invoke(Method.java:498)
	at org.testng.internal.MethodInvocationHelper.invokeMethod(MethodInvocationHelper.java:86)
	at org.testng.internal.Invoker.invokeMethod(Invoker.java:643)
	at org.testng.internal.Invoker.invokeTestMethod(Invoker.java:820)
	at org.testng.internal.Invoker.invokeTestMethods(Invoker.java:1128)
	at org.testng.internal.TestMethodWorker.invokeTestMethods(TestMethodWorker.java:129)
	at org.testng.internal.TestMethodWorker.run(TestMethodWorker.java:112)
	at org.testng.TestRunner.privateRun(TestRunner.java:782)
	at org.testng.TestRunner.run(TestRunner.java:632)
	at org.testng.SuiteRunner.runTest(SuiteRunner.java:366)
	at org.testng.SuiteRunner.runSequentially(SuiteRunner.java:361)
	at org.testng.SuiteRunner.privateRun(SuiteRunner.java:319)
	at org.testng.SuiteRunner.run(SuiteRunner.java:268)
	at org.testng.SuiteRunnerWorker.runSuite(SuiteRunnerWorker.java:52)
	at org.testng.SuiteRunnerWorker.run(SuiteRunnerWorker.java:86)
	at org.testng.TestNG.runSuitesSequentially(TestNG.java:1244)
	at org.testng.TestNG.runSuitesLocally(TestNG.java:1169)
	at org.testng.TestNG.run(TestNG.java:1064)
	at org.apache.maven.surefire.testng.TestNGExecutor.run(TestNGExecutor.java:295)
	at org.apache.maven.surefire.testng.TestNGXmlTestSuite.execute(TestNGXmlTestSuite.java:84)
	at org.apache.maven.surefire.testng.TestNGProvider.invoke(TestNGProvider.java:90)
	at org.apache.maven.surefire.booter.ForkedBooter.invokeProviderInSameClassLoader(ForkedBooter.java:203)
	at org.apache.maven.surefire.booter.ForkedBooter.runSuitesInProcess(ForkedBooter.java:155)
	at org.apache.maven.surefire.booter.ForkedBooter.main(ForkedBooter.java:103)
]]>
            </full-stacktrace>
          </exception> <!-- org.testng.SkipException -->
          <reporter-output>
            <line>
              <![CDATA[test skippedtest2]]>
            </line>
          </reporter-output>
        </test-method> <!-- test2 -->
        <test-method status="SUCCESS_PERCENTAGE_FAILURE" signature="test3()[pri:0, instance:testngListeners.ListnerTestClass@49e4cb85]" name="test3" duration-ms="3" started-at="2019-07-21T13:07:00Z" finished-at="2019-07-21T13:07:00Z">
          <exception class="junit.framework.AssertionFailedError">
            <message>
              <![CDATA[expected:<2> but was:<8>]]>
            </message>
            <full-stacktrace>
              <![CDATA[junit.framework.AssertionFailedError: expected:<2> but was:<8>
	at junit.framework.Assert.fail(Assert.java:50)
	at junit.framework.Assert.failNotEquals(Assert.java:287)
	at junit.framework.Assert.assertEquals(Assert.java:67)
	at junit.framework.Assert.assertEquals(Assert.java:199)
	at junit.framework.Assert.assertEquals(Assert.java:205)
	at testngListeners.ListnerTestClass.test3(ListnerTestClass.java:29)
	at sun.reflect.NativeMethodAccessorImpl.invoke0(Native Method)
	at sun.reflect.NativeMethodAccessorImpl.invoke(NativeMethodAccessorImpl.java:62)
	at sun.reflect.DelegatingMethodAccessorImpl.invoke(DelegatingMethodAccessorImpl.java:43)
	at java.lang.reflect.Method.invoke(Method.java:498)
	at org.testng.internal.MethodInvocationHelper.invokeMethod(MethodInvocationHelper.java:86)
	at org.testng.internal.Invoker.invokeMethod(Invoker.java:643)
	at org.testng.internal.Invoker.invokeTestMethod(Invoker.java:820)
	at org.testng.internal.Invoker.invokeTestMethods(Invoker.java:1128)
	at org.testng.internal.TestMethodWorker.invokeTestMethods(TestMethodWorker.java:129)
	at org.testng.internal.TestMethodWorker.run(TestMethodWorker.java:112)
	at org.testng.TestRunner.privateRun(TestRunner.java:782)
	at org.testng.TestRunner.run(TestRunner.java:632)
	at org.testng.SuiteRunner.runTest(SuiteRunner.java:366)
	at org.testng.SuiteRunner.runSequentially(SuiteRunner.java:361)
	at org.testng.SuiteRunner.privateRun(SuiteRunner.java:319)
	at org.testng.SuiteRunner.run(SuiteRunner.java:268)
	at org.testng.SuiteRunnerWorker.runSuite(SuiteRunnerWorker.java:52)
	at org.testng.SuiteRunnerWorker.run(SuiteRunnerWorker.java:86)
	at org.testng.TestNG.runSuitesSequentially(TestNG.java:1244)
	at org.testng.TestNG.runSuitesLocally(TestNG.java:1169)
	at org.testng.TestNG.run(TestNG.java:1064)
	at org.apache.maven.surefire.testng.TestNGExecutor.run(TestNGExecutor.java:295)
	at org.apache.maven.surefire.testng.TestNGXmlTestSuite.execute(TestNGXmlTestSuite.java:84)
	at org.apache.maven.surefire.testng.TestNGProvider.invoke(TestNGProvider.java:90)
	at org.apache.maven.surefire.booter.ForkedBooter.invokeProviderInSameClassLoader(ForkedBooter.java:203)
	at org.apache.maven.surefire.booter.ForkedBooter.runSuitesInProcess(ForkedBooter.java:155)
	at org.apache.maven.surefire.booter.ForkedBooter.main(ForkedBooter.java:103)
]]>
            </full-stacktrace>
          </exception> <!-- junit.framework.AssertionFailedError -->
          <reporter-output>
            <line>
              <![CDATA[test failedtest3]]>
            </line>
          </reporter-output>
        </test-method> <!-- test3 -->
        <test-method status="PASS" signature="test3()[pri:0, instance:testngListeners.ListnerTestClass@49e4cb85]" name="test3" duration-ms="1" started-at="2019-07-21T13:07:00Z" finished-at="2019-07-21T13:07:00Z">
          <reporter-output>
            <line>
              <![CDATA[test Successtest3]]>
            </line>
          </reporter-output>
        </test-method> <!-- test3 -->
        <test-method status="PASS" signature="test3()[pri:0, instance:testngListeners.ListnerTestClass@49e4cb85]" name="test3" duration-ms="1" started-at="2019-07-21T13:07:00Z" finished-at="2019-07-21T13:07:00Z">
          <reporter-output>
            <line>
              <![CDATA[test Successtest3]]>
            </line>
          </reporter-output>
        </test-method> <!-- test3 -->
        <test-method status="PASS" signature="test3()[pri:0, instance:testngListeners.ListnerTestClass@49e4cb85]" name="test3" duration-ms="1" started-at="2019-07-21T13:07:00Z" finished-at="2019-07-21T13:07:00Z">
          <reporter-output>
            <line>
              <![CDATA[test Successtest3]]>
            </line>
          </reporter-output>
        </test-method> <!-- test3 -->
        <test-method status="PASS" signature="test3()[pri:0, instance:testngListeners.ListnerTestClass@49e4cb85]" name="test3" duration-ms="1" started-at="2019-07-21T13:07:00Z" finished-at="2019-07-21T13:07:00Z">
          <reporter-output>
            <line>
              <![CDATA[test Successtest3]]>
            </line>
          </reporter-output>
        </test-method> <!-- test3 -->
      </class> <!-- testngListeners.ListnerTestClass -->
    </test> <!-- First Set from 1 to 10 testcases -->
  </suite> <!-- Complete Suite -->
</testng-results>
